<?xml version="1.0" encoding="UTF-8"?>
<testng-results skipped="0" failed="0" ignored="0" total="1" passed="1">
  <reporter-output>
  </reporter-output>
  <suite name="Default suite" duration-ms="37057" started-at="2020-09-15T05:57:15Z" finished-at="2020-09-15T05:57:52Z">
    <groups>
    </groups>
    <test name="Default test" duration-ms="37057" started-at="2020-09-15T05:57:15Z" finished-at="2020-09-15T05:57:52Z">
      <class name="com.qa.hs.tests.LoginTest">
        <test-method status="PASS" signature="loginTest()[pri:0, instance:com.qa.hs.tests.LoginTest@3bfdc050]" name="loginTest" duration-ms="37000" started-at="2020-09-15T05:57:15Z" finished-at="2020-09-15T05:57:52Z">
          <reporter-output>
          </reporter-output>
        </test-method> <!-- loginTest -->
      </class> <!-- com.qa.hs.tests.LoginTest -->
    </test> <!-- Default test -->
  </suite> <!-- Default suite -->
</testng-results>
